<?xml version="1.0" encoding="UTF-8"?>
<testng-results ignored="0" total="1" passed="1" failed="0" skipped="0">
  <reporter-output>
    <line>
      <![CDATA[Customer Added successCustomer-00000006315  Customer-00000006315]]>
    </line>
    <line>
      <![CDATA[Customer Added successCustomer-00000006316  Customer-00000006316]]>
    </line>
    <line>
      <![CDATA[Customer Added successCustomer-00000006317  Customer-00000006317]]>
    </line>
    <line>
      <![CDATA[Customer Added successCustomer-00000006318  Customer-00000006318]]>
    </line>
    <line>
      <![CDATA[Customer Added successCustomer-00000006319  Customer-00000006319]]>
    </line>
    <line>
      <![CDATA[Customer Added successCustomer-00000006320  Customer-00000006320]]>
    </line>
    <line>
      <![CDATA[Customer Added successCustomer-00000006321  Customer-00000006321]]>
    </line>
  </reporter-output>
  <suite started-at="2024-05-29T18:22:25 IST" name="Surefire suite" finished-at="2024-05-29T18:23:43 IST" duration-ms="77972">
    <groups>
    </groups>
    <test started-at="2024-05-29T18:22:25 IST" name="Surefire test" finished-at="2024-05-29T18:23:43 IST" duration-ms="77972">
      <class name="driverScript.AppTest">
        <test-method is-config="true" signature="setUp()[pri:0, instance:driverScript.AppTest@56303b57]" started-at="2024-05-29T18:22:25 IST" name="setUp" finished-at="2024-05-29T18:22:30 IST" duration-ms="4933" status="PASS">
          <reporter-output>
          </reporter-output>
        </test-method> <!-- setUp -->
        <test-method signature="startTest()[pri:0, instance:driverScript.AppTest@56303b57]" started-at="2024-05-29T18:22:30 IST" name="startTest" finished-at="2024-05-29T18:23:42 IST" duration-ms="72019" status="PASS">
          <reporter-output>
            <line>
              <![CDATA[Customer Added successCustomer-00000006315  Customer-00000006315]]>
            </line>
            <line>
              <![CDATA[Customer Added successCustomer-00000006316  Customer-00000006316]]>
            </line>
            <line>
              <![CDATA[Customer Added successCustomer-00000006317  Customer-00000006317]]>
            </line>
            <line>
              <![CDATA[Customer Added successCustomer-00000006318  Customer-00000006318]]>
            </line>
            <line>
              <![CDATA[Customer Added successCustomer-00000006319  Customer-00000006319]]>
            </line>
            <line>
              <![CDATA[Customer Added successCustomer-00000006320  Customer-00000006320]]>
            </line>
            <line>
              <![CDATA[Customer Added successCustomer-00000006321  Customer-00000006321]]>
            </line>
          </reporter-output>
        </test-method> <!-- startTest -->
        <test-method is-config="true" signature="tearDown()[pri:0, instance:driverScript.AppTest@56303b57]" started-at="2024-05-29T18:23:42 IST" name="tearDown" finished-at="2024-05-29T18:23:43 IST" duration-ms="972" status="PASS">
          <reporter-output>
          </reporter-output>
        </test-method> <!-- tearDown -->
      </class> <!-- driverScript.AppTest -->
    </test> <!-- Surefire test -->
  </suite> <!-- Surefire suite -->
</testng-results>
